#
# A fatal error has been detected by the Java Runtime Environment:
#
#  EXCEPTION_ACCESS_VIOLATION (0xc0000005) at pc=0x00007fff50184c60, pid=9992, tid=13056
#
# JRE version: OpenJDK Runtime Environment (11.0.10) (build 11.0.10+0-b96-7249189)
# Java VM: OpenJDK 64-Bit Server VM (11.0.10+0-b96-7249189, mixed mode, tiered, compressed oops, g1 gc, windows-amd64)
# Problematic frame:
# V  [jvm.dll+0x114c60]
#
# No core dump will be written. Minidumps are not enabled by default on client versions of Windows
#
# If you would like to submit a bug report, please visit:
#   https://bugreport.java.com/bugreport/crash.jsp
#

---------------  S U M M A R Y ------------

Command Line: --add-opens=java.base/java.util=ALL-UNNAMED --add-opens=java.base/java.lang=ALL-UNNAMED --add-opens=java.base/java.lang.invoke=ALL-UNNAMED --add-opens=java.base/java.util=ALL-UNNAMED --add-opens=java.prefs/java.util.prefs=ALL-UNNAMED --add-opens=java.prefs/java.util.prefs=ALL-UNNAMED --add-opens=java.base/java.nio.charset=ALL-UNNAMED --add-opens=java.base/java.net=ALL-UNNAMED --add-opens=java.base/java.util.concurrent.atomic=ALL-UNNAMED -Xmx2048m -Dfile.encoding=UTF-8 -Duser.country=ID -Duser.language=en -Duser.variant org.gradle.launcher.daemon.bootstrap.GradleDaemon 7.0.2

Host: AMD A8-7410 APU with AMD Radeon R5 Graphics    , 4 cores, 6G,  Windows 10 , 64 bit Build 19041 (10.0.19041.1202)
Time: Tue Nov 16 14:21:11 2021 SE Asia Standard Time elapsed time: 44.824393 seconds (0d 0h 0m 44s)

---------------  T H R E A D  ---------------

Current thread (0x0000017df426d000):  JavaThread "C2 CompilerThread0" daemon [_thread_in_native, id=13056, stack(0x00000062d4800000,0x00000062d4900000)]


Current CompileTask:
C2:  44824 8756       4       sun.reflect.generics.visitor.Reifier::visitClassTypeSignature (381 bytes)

Stack: [0x00000062d4800000,0x00000062d4900000],  sp=0x00000062d48fc430,  free space=1009k
Native frames: (J=compiled Java code, j=interpreted, Vv=VM code, C=native code)
V  [jvm.dll+0x114c60]
V  [jvm.dll+0x114664]
V  [jvm.dll+0x5f2679]
V  [jvm.dll+0x1fb953]
V  [jvm.dll+0x1fa7f4]
V  [jvm.dll+0x18354c]
V  [jvm.dll+0x208ee7]
V  [jvm.dll+0x207731]
V  [jvm.dll+0x6eb1cf]
V  [jvm.dll+0x6e3d45]
V  [jvm.dll+0x5ebe96]
C  [ucrtbase.dll+0x21bb2]
C  [KERNEL32.DLL+0x17034]
C  [ntdll.dll+0x52651]


siginfo: EXCEPTION_ACCESS_VIOLATION (0xc0000005), writing address 0x0000017df863eef8


Register to memory mapping:

RIP=0x00007fff50184c60 jvm.dll
RAX=0x0000017df8618db8 points into unknown readable memory: 0x0000017df739e538 | 38 e5 39 f7 7d 01 00 00
RBX=0x0000017dfc747718 points into unknown readable memory: 0x00007fff507f1d90 | 90 1d 7f 50 ff 7f 00 00
RCX=0x0000000000004e1d is an unknown value
RDX=0x00000062d48fc790 is pointing into the stack for thread: 0x0000017df426d000
RSP=0x00000062d48fc430 is pointing into the stack for thread: 0x0000017df426d000
RBP=0x0000000000004c28 is an unknown value
RSI=0xffffffffffffbb9d is an unknown value
RDI=0x0000017df861a140 points into unknown readable memory: 0x0000017df86188c2 | c2 88 61 f8 7d 01 00 00
R8 =0x0000000000000270 is an unknown value
R9 =0x0000017dfc301ad0 points into unknown readable memory: 0x0000017df42625b0 | b0 25 26 f4 7d 01 00 00
R10=0x0000017df8617508 points into unknown readable memory: 0x0000017df739e538 | 38 e5 39 f7 7d 01 00 00
R11=0x0000017df8618db8 points into unknown readable memory: 0x0000017df739e538 | 38 e5 39 f7 7d 01 00 00
R12=0x0000000000000440 is an unknown value
R13=
[error occurred during error reporting (printing register info), id 0xc0000005, EXCEPTION_ACCESS_VIOLATION (0xc0000005) at pc=0x00007fff50349dc7]

Registers:
RAX=0x0000017df8618db8, RBX=0x0000017dfc747718, RCX=0x0000000000004e1d, RDX=0x00000062d48fc790
RSP=0x00000062d48fc430, RBP=0x0000000000004c28, RSI=0xffffffffffffbb9d, RDI=0x0000017df861a140
R8 =0x0000000000000270, R9 =0x0000017dfc301ad0, R10=0x0000017df8617508, R11=0x0000017df8618db8
R12=0x0000000000000440, R13=0x00000000ffffffff, R14=0x0000000000000004, R15=0x00000062d48fc790
RIP=0x00007fff50184c60, EFLAGS=0x0000000000010246

Top of Stack: (sp=0x00000062d48fc430)
0x00000062d48fc430:   0000017df7f48030 00007fff5012ca6f
0x00000062d48fc440:   0000017df42625b0 0000017df42625b0
0x00000062d48fc450:   0000000000001390 0000000000007fd8
0x00000062d48fc460:   0000017df42625b0 0000017df77100e0
0x00000062d48fc470:   0000017df7f2b370 0000017df861a140
0x00000062d48fc480:   0000017df67463a0 0000000000000002
0x00000062d48fc490:   00000062d48fc549 00007fff50184664
0x00000062d48fc4a0:   0000017df8618890 00000062d48fc549
0x00000062d48fc4b0:   0000000000000270 0000017dfc301ad0
0x00000062d48fc4c0:   0000017df42625b0 0000017dfc301ad0
0x00000062d48fc4d0:   0000000000000100 0000017df42625b0
0x00000062d48fc4e0:   0000017df837eac0 000000000000008a
0x00000062d48fc4f0:   00000000000004e0 0000000000001380
0x00000062d48fc500:   00000062d48f0000 0000000000000000
0x00000062d48fc510:   0000017df6e31c70 0000000000000100
0x00000062d48fc520:   00000000000017c0 00007fff50859268 

Instructions: (pc=0x00007fff50184c60)
0x00007fff50184b60:   48 ff c0 41 d1 c5 48 83 c1 02 48 89 44 24 40 ff
0x00007fff50184b70:   c5 48 89 5c 24 30 48 89 4c 24 28 41 3b e8 0f 8c
0x00007fff50184b80:   2c fc ff ff 4c 8b 6c 24 58 49 8b c6 48 83 c4 60
0x00007fff50184b90:   41 5f 41 5e 41 5c 5f 5e 5d 5b c3 cc cc cc cc cc
0x00007fff50184ba0:   4c 89 4c 24 20 44 89 44 24 18 55 56 57 41 56 41
0x00007fff50184bb0:   57 48 83 ec 40 48 8b f9 45 33 f6 48 8b 49 10 49
0x00007fff50184bc0:   8b f1 41 8b e8 4c 8b fa 44 39 71 28 0f 86 b3 01
0x00007fff50184bd0:   00 00 48 89 5c 24 70 4c 89 6c 24 30 41 83 cd ff
0x00007fff50184be0:   4c 89 64 24 38 44 3b 71 18 73 0a 48 8b 59 20 4a
0x00007fff50184bf0:   8b 1c f3 eb 02 33 db 48 8b 03 48 8b cb ff 90 88
0x00007fff50184c00:   00 00 00 48 85 c0 74 42 48 8b 03 48 8b cb ff 90
0x00007fff50184c10:   88 00 00 00 8b 4b 2c 8b c1 83 e0 0f 3c 0e 75 2a
0x00007fff50184c20:   80 f9 de 74 25 48 8b d3 48 8b ce e8 80 50 19 00
0x00007fff50184c30:   4d 8b cf 48 89 44 24 20 44 8b c5 48 8b d3 48 8b
0x00007fff50184c40:   cf e8 9a fa ff ff 48 89 43 60 49 8b 47 18 8b 4b
0x00007fff50184c50:   28 48 0f bf 6c 88 02 48 0f bf 34 88 48 8b 47 08
0x00007fff50184c60:   48 89 1c e8 48 8b 47 08 48 89 1c f0 0f b7 43 30
0x00007fff50184c70:   83 e0 01 74 4e 8b c8 48 8b 43 08 48 8b 0c c8 49
0x00007fff50184c80:   8b 47 18 8b 51 28 4c 0f bf 04 90 48 8d 0c 90 48
0x00007fff50184c90:   0f bf 44 90 02 48 8b 17 44 0f bf 0c 42 42 0f bf
0x00007fff50184ca0:   0c 42 66 44 89 2c 42 48 8b 07 66 46 89 2c 40 48
0x00007fff50184cb0:   8b 07 66 44 89 0c 68 48 8b 07 66 89 0c 70 e9 93
0x00007fff50184cc0:   00 00 00 8b 43 2c 83 e0 0f 3c 0c 0f 84 85 00 00
0x00007fff50184cd0:   00 48 8b 07 4c 8d 24 6d 00 00 00 00 83 c9 ff 66
0x00007fff50184ce0:   45 89 2c 04 4c 8d 2c 36 48 8b 07 66 42 89 0c 28
0x00007fff50184cf0:   8b 43 2c 24 0f 3c 08 75 59 48 8b 43 08 48 8b 08
0x00007fff50184d00:   8b 41 2c 83 e0 0f 3c 09 75 48 83 fd ff 74 1f 3b
0x00007fff50184d10:   2d 8b 14 8b 00 7d 17 49 8b 4f 58 8b d5 e8 0e e3
0x00007fff50184d20:   46 00 84 c0 74 08 48 8b 07 66 41 89 2c 04 83 fe
0x00007fff50184d30:   ff 74 1f 3b 35 67 14 8b 00 7d 17 49 8b 4f 58 8b
0x00007fff50184d40:   d6 e8 ea e2 46 00 84 c0 74 08 48 8b 07 66 42 89
0x00007fff50184d50:   34 28 41 83 cd ff 48 8b 4f 10 41 ff c6 48 8b b4 


Stack slot to memory mapping:
stack at sp + 0 slots: 0x0000017df7f48030 points into unknown readable memory: 0x0000017df8615c40 | 40 5c 61 f8 7d 01 00 00
stack at sp + 1 slots: 0x00007fff5012ca6f jvm.dll
stack at sp + 2 slots: 0x0000017df42625b0 points into unknown readable memory: 0x0045070000000006 | 06 00 00 00 00 07 45 00
stack at sp + 3 slots: 0x0000017df42625b0 points into unknown readable memory: 0x0045070000000006 | 06 00 00 00 00 07 45 00
stack at sp + 4 slots: 0x0000000000001390 is an unknown value
stack at sp + 5 slots: 0x0000000000007fd8 is an unknown value
stack at sp + 6 slots: 0x0000017df42625b0 points into unknown readable memory: 0x0045070000000006 | 06 00 00 00 00 07 45 00
stack at sp + 7 slots: 0x0000017df77100e0 points into unknown readable memory: 0x00007fff50858568 | 68 85 85 50 ff 7f 00 00


---------------  P R O C E S S  ---------------

Threads class SMR info:
_java_thread_list=0x0000017df85bf650, length=43, elements={
0x0000017dd9edd000, 0x0000017df4246800, 0x0000017df424c000, 0x0000017df4c02800,
0x0000017df4262800, 0x0000017df4266000, 0x0000017df426d000, 0x0000017df4270800,
0x0000017df4275800, 0x0000017df4274800, 0x0000017df427a000, 0x0000017df4279800,
0x0000017df4276000, 0x0000017df4278000, 0x0000017df4277000, 0x0000017df4278800,
0x0000017df427b000, 0x0000017df6d45800, 0x0000017df6d46800, 0x0000017df6d49000,
0x0000017df6d49800, 0x0000017df6d47000, 0x0000017df6d44800, 0x0000017df6d4c000,
0x0000017df6d4b000, 0x0000017df6d4d000, 0x0000017df6d4a800, 0x0000017df6d4d800,
0x0000017df6d48000, 0x0000017df6d50000, 0x0000017df6d51000, 0x0000017df6d52000,
0x0000017df6d52800, 0x0000017df6d53800, 0x0000017df759c000, 0x0000017df6d4f800,
0x0000017dfaa40800, 0x0000017dfaa44000, 0x0000017dfaa45000, 0x0000017dfaa3f000,
0x0000017dfaa43000, 0x0000017dfaa40000, 0x0000017dfaa45800
}

Java Threads: ( => current thread )
  0x0000017dd9edd000 JavaThread "main" [_thread_blocked, id=12680, stack(0x00000062d3c00000,0x00000062d3d00000)]
  0x0000017df4246800 JavaThread "Reference Handler" daemon [_thread_blocked, id=1100, stack(0x00000062d4300000,0x00000062d4400000)]
  0x0000017df424c000 JavaThread "Finalizer" daemon [_thread_blocked, id=12828, stack(0x00000062d4400000,0x00000062d4500000)]
  0x0000017df4c02800 JavaThread "Signal Dispatcher" daemon [_thread_blocked, id=11724, stack(0x00000062d4500000,0x00000062d4600000)]
  0x0000017df4262800 JavaThread "Attach Listener" daemon [_thread_blocked, id=13136, stack(0x00000062d4600000,0x00000062d4700000)]
  0x0000017df4266000 JavaThread "Service Thread" daemon [_thread_blocked, id=8012, stack(0x00000062d4700000,0x00000062d4800000)]
=>0x0000017df426d000 JavaThread "C2 CompilerThread0" daemon [_thread_in_native, id=13056, stack(0x00000062d4800000,0x00000062d4900000)]
  0x0000017df4270800 JavaThread "C1 CompilerThread0" daemon [_thread_blocked, id=4516, stack(0x00000062d4900000,0x00000062d4a00000)]
  0x0000017df4275800 JavaThread "Sweeper thread" daemon [_thread_blocked, id=8516, stack(0x00000062d4a00000,0x00000062d4b00000)]
  0x0000017df4274800 JavaThread "Common-Cleaner" daemon [_thread_blocked, id=8468, stack(0x00000062d4b00000,0x00000062d4c00000)]
  0x0000017df427a000 JavaThread "Daemon health stats" [_thread_blocked, id=3736, stack(0x00000062d4f00000,0x00000062d5000000)]
  0x0000017df4279800 JavaThread "Incoming local TCP Connector on port 60906" [_thread_in_native, id=7684, stack(0x00000062d4d00000,0x00000062d4e00000)]
  0x0000017df4276000 JavaThread "Daemon periodic checks" [_thread_blocked, id=8036, stack(0x00000062d5000000,0x00000062d5100000)]
  0x0000017df4278000 JavaThread "Daemon" [_thread_blocked, id=6572, stack(0x00000062d5100000,0x00000062d5200000)]
  0x0000017df4277000 JavaThread "Handler for socket connection from /127.0.0.1:60906 to /127.0.0.1:60907" [_thread_in_native, id=5736, stack(0x00000062d5200000,0x00000062d5300000)]
  0x0000017df4278800 JavaThread "Cancel handler" [_thread_blocked, id=13040, stack(0x00000062d5300000,0x00000062d5400000)]
  0x0000017df427b000 JavaThread "Daemon worker" [_thread_in_vm, id=10152, stack(0x00000062d5400000,0x00000062d5500000)]
  0x0000017df6d45800 JavaThread "Asynchronous log dispatcher for DefaultDaemonConnection: socket connection from /127.0.0.1:60906 to /127.0.0.1:60907" [_thread_blocked, id=3304, stack(0x00000062d5500000,0x00000062d5600000)]
  0x0000017df6d46800 JavaThread "Stdin handler" [_thread_blocked, id=12752, stack(0x00000062d5600000,0x00000062d5700000)]
  0x0000017df6d49000 JavaThread "Daemon client event forwarder" [_thread_blocked, id=12904, stack(0x00000062d5700000,0x00000062d5800000)]
  0x0000017df6d49800 JavaThread "Cache worker for file hash cache (C:\Users\62859\.gradle\caches\7.0.2\fileHashes)" [_thread_blocked, id=9112, stack(0x00000062d5a00000,0x00000062d5b00000)]
  0x0000017df6d47000 JavaThread "File lock request listener" [_thread_in_native, id=7244, stack(0x00000062d5b00000,0x00000062d5c00000)]
  0x0000017df6d44800 JavaThread "Cache worker for journal cache (C:\Users\62859\.gradle\caches\journal-1)" [_thread_blocked, id=4328, stack(0x00000062d5c00000,0x00000062d5d00000)]
  0x0000017df6d4c000 JavaThread "Cache worker for file hash cache (F:\Bagas\semua tugas\PAM\.gradle\7.0.2\fileHashes)" [_thread_blocked, id=5904, stack(0x00000062d5d00000,0x00000062d5e00000)]
  0x0000017df6d4b000 JavaThread "File watcher server" daemon [_thread_in_native, id=10624, stack(0x00000062d5e00000,0x00000062d5f00000)]
  0x0000017df6d4d000 JavaThread "File watcher consumer" daemon [_thread_blocked, id=8736, stack(0x00000062d5f00000,0x00000062d6000000)]
  0x0000017df6d4a800 JavaThread "jar transforms" [_thread_blocked, id=7324, stack(0x00000062d6000000,0x00000062d6100000)]
  0x0000017df6d4d800 JavaThread "jar transforms Thread 2" [_thread_blocked, id=12488, stack(0x00000062d6100000,0x00000062d6200000)]
  0x0000017df6d48000 JavaThread "jar transforms Thread 3" [_thread_blocked, id=8984, stack(0x00000062d6200000,0x00000062d6300000)]
  0x0000017df6d50000 JavaThread "jar transforms Thread 4" [_thread_blocked, id=4868, stack(0x00000062d6300000,0x00000062d6400000)]
  0x0000017df6d51000 JavaThread "Cache worker for checksums cache (F:\Bagas\semua tugas\PAM\.gradle\checksums)" [_thread_blocked, id=12872, stack(0x00000062d6400000,0x00000062d6500000)]
  0x0000017df6d52000 JavaThread "Cache worker for cache directory md-supplier (C:\Users\62859\.gradle\caches\7.0.2\md-supplier)" [_thread_blocked, id=5756, stack(0x00000062d6500000,0x00000062d6600000)]
  0x0000017df6d52800 JavaThread "Cache worker for cache directory md-rule (C:\Users\62859\.gradle\caches\7.0.2\md-rule)" [_thread_blocked, id=7124, stack(0x00000062d6700000,0x00000062d6800000)]
  0x0000017df6d53800 JavaThread "Cache worker for execution history cache (C:\Users\62859\.gradle\caches\7.0.2\executionHistory)" [_thread_blocked, id=12704, stack(0x00000062d6800000,0x00000062d6900000)]
  0x0000017df759c000 JavaThread "Cache worker for file content cache (C:\Users\62859\.gradle\caches\7.0.2\fileContent)" [_thread_blocked, id=12468, stack(0x00000062d6900000,0x00000062d6a00000)]
  0x0000017df6d4f800 JavaThread "Cache worker for dependencies-accessors (F:\Bagas\semua tugas\PAM\.gradle\7.0.2\dependencies-accessors)" [_thread_blocked, id=13188, stack(0x00000062d6a00000,0x00000062d6b00000)]
  0x0000017dfaa40800 JavaThread "Cache worker for Build Output Cleanup Cache (F:\Bagas\semua tugas\PAM\.gradle\buildOutputCleanup)" [_thread_blocked, id=13232, stack(0x00000062d6b00000,0x00000062d6c00000)]
  0x0000017dfaa44000 JavaThread "Build operations" [_thread_blocked, id=2800, stack(0x00000062d6d00000,0x00000062d6e00000)]
  0x0000017dfaa45000 JavaThread "Build operations Thread 2" [_thread_blocked, id=9240, stack(0x00000062d6e00000,0x00000062d6f00000)]
  0x0000017dfaa3f000 JavaThread "Build operations Thread 3" [_thread_blocked, id=5004, stack(0x00000062d6f00000,0x00000062d7000000)]
  0x0000017dfaa43000 JavaThread "Build operations Thread 4" [_thread_blocked, id=944, stack(0x00000062d7000000,0x00000062d7100000)]
  0x0000017dfaa40000 JavaThread "Memory manager" [_thread_blocked, id=2588, stack(0x00000062d7300000,0x00000062d7400000)]
  0x0000017dfaa45800 JavaThread "C2 CompilerThread1" daemon [_thread_in_native, id=4864, stack(0x00000062d6600000,0x00000062d6700000)]

Other Threads:
  0x0000017df4241800 VMThread "VM Thread" [stack: 0x00000062d4200000,0x00000062d4300000] [id=1684]
  0x0000017df4d42800 WatcherThread [stack: 0x00000062d4c00000,0x00000062d4d00000] [id=12684]
  0x0000017dd9ef5800 GCTaskThread "GC Thread#0" [stack: 0x00000062d3d00000,0x00000062d3e00000] [id=9912]
  0x0000017df51de800 GCTaskThread "GC Thread#1" [stack: 0x00000062d4e00000,0x00000062d4f00000] [id=600]
  0x0000017df6dcb800 GCTaskThread "GC Thread#2" [stack: 0x00000062d5800000,0x00000062d5900000] [id=12948]
  0x0000017df835a800 GCTaskThread "GC Thread#3" [stack: 0x00000062d5900000,0x00000062d5a00000] [id=2936]
  0x0000017dd9f27000 ConcurrentGCThread "G1 Main Marker" [stack: 0x00000062d3e00000,0x00000062d3f00000] [id=13100]
  0x0000017dd9f28000 ConcurrentGCThread "G1 Conc#0" [stack: 0x00000062d3f00000,0x00000062d4000000] [id=12548]
  0x0000017dd9fa1800 ConcurrentGCThread "G1 Refine#0" [stack: 0x00000062d4000000,0x00000062d4100000] [id=6668]
  0x0000017dd9fa2800 ConcurrentGCThread "G1 Young RemSet Sampling" [stack: 0x00000062d4100000,0x00000062d4200000] [id=11440]

Threads with active compile tasks:
C2 CompilerThread0  44943 8756       4       sun.reflect.generics.visitor.Reifier::visitClassTypeSignature (381 bytes)
C2 CompilerThread1  44943 8794       4       groovy.lang.MetaClassImpl::checkIfStdMethod (178 bytes)

VM state:not at safepoint (normal execution)

VM Mutex/Monitor currently owned by a thread: None

Heap address: 0x0000000080000000, size: 2048 MB, Compressed Oops mode: 32-bit
Narrow klass base: 0x0000000000000000, Narrow klass shift: 3
Compressed class space size: 1073741824 Address: 0x0000000100000000

Heap:
 garbage-first heap   total 165888K, used 93827K [0x0000000080000000, 0x0000000100000000)
  region size 1024K, 11 young (11264K), 3 survivors (3072K)
 Metaspace       used 83557K, capacity 85761K, committed 85888K, reserved 1124352K
  class space    used 10759K, capacity 11493K, committed 11520K, reserved 1048576K
Heap Regions: E=young(eden), S=young(survivor), O=old, HS=humongous(starts), HC=humongous(continues), CS=collection set, F=free, A=archive, TAMS=top-at-mark-start (previous, next)
|   0|0x0000000080000000, 0x0000000080100000, 0x0000000080100000|100%| O|  |TAMS 0x0000000080100000, 0x0000000080000000| Untracked 
|   1|0x0000000080100000, 0x0000000080200000, 0x0000000080200000|100%| O|  |TAMS 0x0000000080200000, 0x0000000080100000| Untracked 
|   2|0x0000000080200000, 0x0000000080300000, 0x0000000080300000|100%| O|  |TAMS 0x0000000080300000, 0x0000000080200000| Untracked 
|   3|0x0000000080300000, 0x0000000080400000, 0x0000000080400000|100%|HS|  |TAMS 0x0000000080400000, 0x0000000080300000| Complete 
|   4|0x0000000080400000, 0x0000000080500000, 0x0000000080500000|100%|HC|  |TAMS 0x0000000080500000, 0x0000000080400000| Complete 
|   5|0x0000000080500000, 0x0000000080600000, 0x0000000080600000|100%|HC|  |TAMS 0x0000000080600000, 0x0000000080500000| Complete 
|   6|0x0000000080600000, 0x0000000080700000, 0x0000000080700000|100%| O|  |TAMS 0x0000000080700000, 0x0000000080600000| Untracked 
|   7|0x0000000080700000, 0x0000000080800000, 0x0000000080800000|100%| O|  |TAMS 0x0000000080800000, 0x0000000080700000| Untracked 
|   8|0x0000000080800000, 0x0000000080900000, 0x0000000080900000|100%| O|  |TAMS 0x0000000080900000, 0x0000000080800000| Untracked 
|   9|0x0000000080900000, 0x0000000080a00000, 0x0000000080a00000|100%| O|  |TAMS 0x0000000080a00000, 0x0000000080900000| Untracked 
|  10|0x0000000080a00000, 0x0000000080b00000, 0x0000000080b00000|100%| O|  |TAMS 0x0000000080b00000, 0x0000000080a00000| Untracked 
|  11|0x0000000080b00000, 0x0000000080c00000, 0x0000000080c00000|100%| O|  |TAMS 0x0000000080c00000, 0x0000000080b00000| Untracked 
|  12|0x0000000080c00000, 0x0000000080d00000, 0x0000000080d00000|100%| O|  |TAMS 0x0000000080d00000, 0x0000000080c00000| Untracked 
|  13|0x0000000080d00000, 0x0000000080e00000, 0x0000000080e00000|100%| O|  |TAMS 0x0000000080e00000, 0x0000000080d00000| Untracked 
|  14|0x0000000080e00000, 0x0000000080f00000, 0x0000000080f00000|100%| O|  |TAMS 0x0000000080f00000, 0x0000000080e00000| Untracked 
|  15|0x0000000080f00000, 0x0000000081000000, 0x0000000081000000|100%| O|  |TAMS 0x0000000081000000, 0x0000000080f00000| Untracked 
|  16|0x0000000081000000, 0x0000000081100000, 0x0000000081100000|100%|HS|  |TAMS 0x0000000081100000, 0x0000000081000000| Complete 
|  17|0x0000000081100000, 0x0000000081200000, 0x0000000081200000|100%|HC|  |TAMS 0x0000000081200000, 0x0000000081100000| Complete 
|  18|0x0000000081200000, 0x0000000081300000, 0x0000000081300000|100%|HS|  |TAMS 0x0000000081300000, 0x0000000081200000| Complete 
|  19|0x0000000081300000, 0x0000000081400000, 0x0000000081400000|100%|HC|  |TAMS 0x0000000081400000, 0x0000000081300000| Complete 
|  20|0x0000000081400000, 0x0000000081500000, 0x0000000081500000|100%|HC|  |TAMS 0x0000000081500000, 0x0000000081400000| Complete 
|  21|0x0000000081500000, 0x0000000081600000, 0x0000000081600000|100%|HS|  |TAMS 0x0000000081600000, 0x0000000081500000| Complete 
|  22|0x0000000081600000, 0x0000000081700000, 0x0000000081700000|100%|HC|  |TAMS 0x0000000081700000, 0x0000000081600000| Complete 
|  23|0x0000000081700000, 0x0000000081800000, 0x0000000081800000|100%|HC|  |TAMS 0x0000000081800000, 0x0000000081700000| Complete 
|  24|0x0000000081800000, 0x0000000081900000, 0x0000000081900000|100%|HC|  |TAMS 0x0000000081900000, 0x0000000081800000| Complete 
|  25|0x0000000081900000, 0x0000000081a00000, 0x0000000081a00000|100%|HC|  |TAMS 0x0000000081a00000, 0x0000000081900000| Complete 
|  26|0x0000000081a00000, 0x0000000081b00000, 0x0000000081b00000|100%| O|  |TAMS 0x0000000081b00000, 0x0000000081a00000| Untracked 
|  27|0x0000000081b00000, 0x0000000081c00000, 0x0000000081c00000|100%| O|  |TAMS 0x0000000081c00000, 0x0000000081b00000| Untracked 
|  28|0x0000000081c00000, 0x0000000081d00000, 0x0000000081d00000|100%| O|  |TAMS 0x0000000081d00000, 0x0000000081c00000| Untracked 
|  29|0x0000000081d00000, 0x0000000081e00000, 0x0000000081e00000|100%| O|  |TAMS 0x0000000081e00000, 0x0000000081d00000| Untracked 
|  30|0x0000000081e00000, 0x0000000081f00000, 0x0000000081f00000|100%| O|  |TAMS 0x0000000081f00000, 0x0000000081e00000| Untracked 
|  31|0x0000000081f00000, 0x0000000082000000, 0x0000000082000000|100%| O|  |TAMS 0x0000000082000000, 0x0000000081f00000| Untracked 
|  32|0x0000000082000000, 0x0000000082100000, 0x0000000082100000|100%|HS|  |TAMS 0x0000000082100000, 0x0000000082000000| Complete 
|  33|0x0000000082100000, 0x0000000082200000, 0x0000000082200000|100%|HC|  |TAMS 0x0000000082200000, 0x0000000082100000| Complete 
|  34|0x0000000082200000, 0x0000000082300000, 0x0000000082300000|100%|HC|  |TAMS 0x0000000082300000, 0x0000000082200000| Complete 
|  35|0x0000000082300000, 0x0000000082400000, 0x0000000082400000|100%|HC|  |TAMS 0x0000000082400000, 0x0000000082300000| Complete 
|  36|0x0000000082400000, 0x0000000082500000, 0x0000000082500000|100%|HC|  |TAMS 0x0000000082500000, 0x0000000082400000| Complete 
|  37|0x0000000082500000, 0x0000000082600000, 0x0000000082600000|100%| O|  |TAMS 0x0000000082600000, 0x0000000082500000| Untracked 
|  38|0x0000000082600000, 0x0000000082700000, 0x0000000082700000|100%| O|  |TAMS 0x0000000082700000, 0x0000000082600000| Untracked 
|  39|0x0000000082700000, 0x0000000082800000, 0x0000000082800000|100%| O|  |TAMS 0x0000000082800000, 0x0000000082700000| Untracked 
|  40|0x0000000082800000, 0x0000000082900000, 0x0000000082900000|100%| O|  |TAMS 0x0000000082900000, 0x0000000082800000| Untracked 
|  41|0x0000000082900000, 0x0000000082a00000, 0x0000000082a00000|100%| O|  |TAMS 0x0000000082a00000, 0x0000000082900000| Untracked 
|  42|0x0000000082a00000, 0x0000000082b00000, 0x0000000082b00000|100%|HS|  |TAMS 0x0000000082b00000, 0x0000000082a00000| Complete 
|  43|0x0000000082b00000, 0x0000000082c00000, 0x0000000082c00000|100%|HC|  |TAMS 0x0000000082c00000, 0x0000000082b00000| Complete 
|  44|0x0000000082c00000, 0x0000000082d00000, 0x0000000082d00000|100%|HC|  |TAMS 0x0000000082d00000, 0x0000000082c00000| Complete 
|  45|0x0000000082d00000, 0x0000000082e00000, 0x0000000082e00000|100%| O|  |TAMS 0x0000000082e00000, 0x0000000082d00000| Untracked 
|  46|0x0000000082e00000, 0x0000000082f00000, 0x0000000082f00000|100%| O|  |TAMS 0x0000000082f00000, 0x0000000082e00000| Untracked 
|  47|0x0000000082f00000, 0x0000000083000000, 0x0000000083000000|100%| O|  |TAMS 0x0000000083000000, 0x0000000082f00000| Untracked 
|  48|0x0000000083000000, 0x0000000083100000, 0x0000000083100000|100%| O|  |TAMS 0x0000000083100000, 0x0000000083000000| Untracked 
|  49|0x0000000083100000, 0x0000000083200000, 0x0000000083200000|100%| O|  |TAMS 0x0000000083200000, 0x0000000083100000| Untracked 
|  50|0x0000000083200000, 0x0000000083300000, 0x0000000083300000|100%| O|  |TAMS 0x0000000083300000, 0x0000000083200000| Untracked 
|  51|0x0000000083300000, 0x0000000083400000, 0x0000000083400000|100%| O|  |TAMS 0x0000000083400000, 0x0000000083300000| Untracked 
|  52|0x0000000083400000, 0x0000000083500000, 0x0000000083500000|100%| O|  |TAMS 0x0000000083500000, 0x0000000083400000| Untracked 
|  53|0x0000000083500000, 0x0000000083600000, 0x0000000083600000|100%| O|  |TAMS 0x0000000083600000, 0x0000000083500000| Untracked 
|  54|0x0000000083600000, 0x0000000083700000, 0x0000000083700000|100%| O|  |TAMS 0x0000000083700000, 0x0000000083600000| Untracked 
|  55|0x0000000083700000, 0x0000000083800000, 0x0000000083800000|100%| O|  |TAMS 0x0000000083800000, 0x0000000083700000| Untracked 
|  56|0x0000000083800000, 0x0000000083900000, 0x0000000083900000|100%|HS|  |TAMS 0x0000000083900000, 0x0000000083800000| Complete 
|  57|0x0000000083900000, 0x0000000083a00000, 0x0000000083a00000|100%|HS|  |TAMS 0x0000000083a00000, 0x0000000083900000| Complete 
|  58|0x0000000083a00000, 0x0000000083b00000, 0x0000000083b00000|100%|HS|  |TAMS 0x0000000083b00000, 0x0000000083a00000| Complete 
|  59|0x0000000083b00000, 0x0000000083c00000, 0x0000000083c00000|100%|HC|  |TAMS 0x0000000083c00000, 0x0000000083b00000| Complete 
|  60|0x0000000083c00000, 0x0000000083d00000, 0x0000000083d00000|100%| O|  |TAMS 0x0000000083d00000, 0x0000000083c00000| Untracked 
|  61|0x0000000083d00000, 0x0000000083e00000, 0x0000000083e00000|100%| O|  |TAMS 0x0000000083e00000, 0x0000000083d00000| Untracked 
|  62|0x0000000083e00000, 0x0000000083f00000, 0x0000000083f00000|100%| O|  |TAMS 0x0000000083f00000, 0x0000000083e00000| Untracked 
|  63|0x0000000083f00000, 0x0000000084000000, 0x0000000084000000|100%| O|  |TAMS 0x0000000084000000, 0x0000000083f00000| Untracked 
|  64|0x0000000084000000, 0x0000000084100000, 0x0000000084100000|100%| O|  |TAMS 0x0000000084100000, 0x0000000084000000| Untracked 
|  65|0x0000000084100000, 0x0000000084200000, 0x0000000084200000|100%| O|  |TAMS 0x0000000084200000, 0x0000000084100000| Untracked 
|  66|0x0000000084200000, 0x0000000084300000, 0x0000000084300000|100%| O|  |TAMS 0x0000000084300000, 0x0000000084200000| Untracked 
|  67|0x0000000084300000, 0x0000000084400000, 0x0000000084400000|100%| O|  |TAMS 0x0000000084400000, 0x0000000084300000| Untracked 
|  68|0x0000000084400000, 0x0000000084500000, 0x0000000084500000|100%| O|  |TAMS 0x0000000084500000, 0x0000000084400000| Untracked 
|  69|0x0000000084500000, 0x0000000084600000, 0x0000000084600000|100%| O|  |TAMS 0x0000000084600000, 0x0000000084500000| Untracked 
|  70|0x0000000084600000, 0x0000000084700000, 0x0000000084700000|100%| O|  |TAMS 0x0000000084700000, 0x0000000084600000| Untracked 
|  71|0x0000000084700000, 0x0000000084800000, 0x0000000084800000|100%| O|  |TAMS 0x0000000084800000, 0x0000000084700000| Untracked 
|  72|0x0000000084800000, 0x0000000084900000, 0x0000000084900000|100%| O|  |TAMS 0x0000000084900000, 0x0000000084800000| Untracked 
|  73|0x0000000084900000, 0x0000000084a00000, 0x0000000084a00000|100%| O|  |TAMS 0x0000000084a00000, 0x0000000084900000| Untracked 
|  74|0x0000000084a00000, 0x0000000084b00000, 0x0000000084b00000|100%| O|  |TAMS 0x0000000084b00000, 0x0000000084a00000| Untracked 
|  75|0x0000000084b00000, 0x0000000084c00000, 0x0000000084c00000|100%| O|  |TAMS 0x0000000084c00000, 0x0000000084b00000| Untracked 
|  76|0x0000000084c00000, 0x0000000084d00000, 0x0000000084d00000|100%| O|  |TAMS 0x0000000084d00000, 0x0000000084c00000| Untracked 
|  77|0x0000000084d00000, 0x0000000084e00000, 0x0000000084e00000|100%| O|  |TAMS 0x0000000084e00000, 0x0000000084d00000| Untracked 
|  78|0x0000000084e00000, 0x0000000084f00000, 0x0000000084f00000|100%| O|  |TAMS 0x0000000084f00000, 0x0000000084e00000| Untracked 
|  79|0x0000000084f00000, 0x0000000085000000, 0x0000000085000000|100%| O|  |TAMS 0x0000000085000000, 0x0000000084f00000| Untracked 
|  80|0x0000000085000000, 0x0000000085100000, 0x0000000085100000|100%| O|  |TAMS 0x0000000085100000, 0x0000000085000000| Untracked 
|  81|0x0000000085100000, 0x0000000085200000, 0x0000000085200000|100%| O|  |TAMS 0x0000000085200000, 0x0000000085100000| Untracked 
|  82|0x0000000085200000, 0x0000000085258000, 0x0000000085300000| 34%| O|  |TAMS 0x0000000085258000, 0x0000000085200000| Untracked 
|  83|0x0000000085300000, 0x0000000085300000, 0x0000000085400000|  0%| F|  |TAMS 0x0000000085300000, 0x0000000085300000| Untracked 
|  84|0x0000000085400000, 0x0000000085400000, 0x0000000085500000|  0%| F|  |TAMS 0x0000000085400000, 0x0000000085400000| Untracked 
|  85|0x0000000085500000, 0x0000000085500000, 0x0000000085600000|  0%| F|  |TAMS 0x0000000085500000, 0x0000000085500000| Untracked 
|  86|0x0000000085600000, 0x0000000085600000, 0x0000000085700000|  0%| F|  |TAMS 0x0000000085600000, 0x0000000085600000| Untracked 
|  87|0x0000000085700000, 0x0000000085700000, 0x0000000085800000|  0%| F|  |TAMS 0x0000000085700000, 0x0000000085700000| Untracked 
|  88|0x0000000085800000, 0x0000000085800000, 0x0000000085900000|  0%| F|  |TAMS 0x0000000085800000, 0x0000000085800000| Untracked 
|  89|0x0000000085900000, 0x0000000085900000, 0x0000000085a00000|  0%| F|  |TAMS 0x0000000085900000, 0x0000000085900000| Untracked 
|  90|0x0000000085a00000, 0x0000000085a00000, 0x0000000085b00000|  0%| F|  |TAMS 0x0000000085a00000, 0x0000000085a00000| Untracked 
|  91|0x0000000085b00000, 0x0000000085b00000, 0x0000000085c00000|  0%| F|  |TAMS 0x0000000085b00000, 0x0000000085b00000| Untracked 
|  92|0x0000000085c00000, 0x0000000085c00000, 0x0000000085d00000|  0%| F|  |TAMS 0x0000000085c00000, 0x0000000085c00000| Untracked 
|  93|0x0000000085d00000, 0x0000000085d00000, 0x0000000085e00000|  0%| F|  |TAMS 0x0000000085d00000, 0x0000000085d00000| Untracked 
|  94|0x0000000085e00000, 0x0000000085e00000, 0x0000000085f00000|  0%| F|  |TAMS 0x0000000085e00000, 0x0000000085e00000| Untracked 
|  95|0x0000000085f00000, 0x0000000085f00000, 0x0000000086000000|  0%| F|  |TAMS 0x0000000085f00000, 0x0000000085f00000| Untracked 
|  96|0x0000000086000000, 0x0000000086000000, 0x0000000086100000|  0%| F|  |TAMS 0x0000000086000000, 0x0000000086000000| Untracked 
|  97|0x0000000086100000, 0x0000000086100000, 0x0000000086200000|  0%| F|  |TAMS 0x0000000086100000, 0x0000000086100000| Untracked 
|  98|0x0000000086200000, 0x0000000086200000, 0x0000000086300000|  0%| F|  |TAMS 0x0000000086200000, 0x0000000086200000| Untracked 
|  99|0x0000000086300000, 0x0000000086300000, 0x0000000086400000|  0%| F|  |TAMS 0x0000000086300000, 0x0000000086300000| Untracked 
| 100|0x0000000086400000, 0x0000000086400000, 0x0000000086500000|  0%| F|  |TAMS 0x0000000086400000, 0x0000000086400000| Untracked 
| 101|0x0000000086500000, 0x0000000086500000, 0x0000000086600000|  0%| F|  |TAMS 0x0000000086500000, 0x0000000086500000| Untracked 
| 102|0x0000000086600000, 0x0000000086600000, 0x0000000086700000|  0%| F|  |TAMS 0x0000000086600000, 0x0000000086600000| Untracked 
| 103|0x0000000086700000, 0x0000000086700000, 0x0000000086800000|  0%| F|  |TAMS 0x0000000086700000, 0x0000000086700000| Untracked 
| 104|0x0000000086800000, 0x0000000086800000, 0x0000000086900000|  0%| F|  |TAMS 0x0000000086800000, 0x0000000086800000| Untracked 
| 105|0x0000000086900000, 0x0000000086900000, 0x0000000086a00000|  0%| F|  |TAMS 0x0000000086900000, 0x0000000086900000| Untracked 
| 106|0x0000000086a00000, 0x0000000086a00000, 0x0000000086b00000|  0%| F|  |TAMS 0x0000000086a00000, 0x0000000086a00000| Untracked 
| 107|0x0000000086b00000, 0x0000000086b00000, 0x0000000086c00000|  0%| F|  |TAMS 0x0000000086b00000, 0x0000000086b00000| Untracked 
| 108|0x0000000086c00000, 0x0000000086c00000, 0x0000000086d00000|  0%| F|  |TAMS 0x0000000086c00000, 0x0000000086c00000| Untracked 
| 109|0x0000000086d00000, 0x0000000086d00000, 0x0000000086e00000|  0%| F|  |TAMS 0x0000000086d00000, 0x0000000086d00000| Untracked 
| 110|0x0000000086e00000, 0x0000000086e00000, 0x0000000086f00000|  0%| F|  |TAMS 0x0000000086e00000, 0x0000000086e00000| Untracked 
| 111|0x0000000086f00000, 0x0000000086f00000, 0x0000000087000000|  0%| F|  |TAMS 0x0000000086f00000, 0x0000000086f00000| Untracked 
| 112|0x0000000087000000, 0x0000000087000000, 0x0000000087100000|  0%| F|  |TAMS 0x0000000087000000, 0x0000000087000000| Untracked 
| 113|0x0000000087100000, 0x0000000087100000, 0x0000000087200000|  0%| F|  |TAMS 0x0000000087100000, 0x0000000087100000| Untracked 
| 114|0x0000000087200000, 0x0000000087200000, 0x0000000087300000|  0%| F|  |TAMS 0x0000000087200000, 0x0000000087200000| Untracked 
| 115|0x0000000087300000, 0x0000000087300000, 0x0000000087400000|  0%| F|  |TAMS 0x0000000087300000, 0x0000000087300000| Untracked 
| 116|0x0000000087400000, 0x0000000087400000, 0x0000000087500000|  0%| F|  |TAMS 0x0000000087400000, 0x0000000087400000| Untracked 
| 117|0x0000000087500000, 0x0000000087500000, 0x0000000087600000|  0%| F|  |TAMS 0x0000000087500000, 0x0000000087500000| Untracked 
| 118|0x0000000087600000, 0x0000000087600000, 0x0000000087700000|  0%| F|  |TAMS 0x0000000087600000, 0x0000000087600000| Untracked 
| 119|0x0000000087700000, 0x0000000087748ea0, 0x0000000087800000| 28%| S|CS|TAMS 0x0000000087700000, 0x0000000087700000| Complete 
| 120|0x0000000087800000, 0x0000000087900000, 0x0000000087900000|100%| S|CS|TAMS 0x0000000087800000, 0x0000000087800000| Complete 
| 121|0x0000000087900000, 0x0000000087a00000, 0x0000000087a00000|100%| S|CS|TAMS 0x0000000087900000, 0x0000000087900000| Complete 
| 122|0x0000000087a00000, 0x0000000087a00000, 0x0000000087b00000|  0%| F|  |TAMS 0x0000000087a00000, 0x0000000087a00000| Untracked 
| 123|0x0000000087b00000, 0x0000000087b00000, 0x0000000087c00000|  0%| F|  |TAMS 0x0000000087b00000, 0x0000000087b00000| Untracked 
| 124|0x0000000087c00000, 0x0000000087c00000, 0x0000000087d00000|  0%| F|  |TAMS 0x0000000087c00000, 0x0000000087c00000| Untracked 
| 125|0x0000000087d00000, 0x0000000087d00000, 0x0000000087e00000|  0%| F|  |TAMS 0x0000000087d00000, 0x0000000087d00000| Untracked 
| 126|0x0000000087e00000, 0x0000000087e00000, 0x0000000087f00000|  0%| F|  |TAMS 0x0000000087e00000, 0x0000000087e00000| Untracked 
| 127|0x0000000087f00000, 0x0000000087f00000, 0x0000000088000000|  0%| F|  |TAMS 0x0000000087f00000, 0x0000000087f00000| Untracked 
| 128|0x0000000088000000, 0x0000000088000000, 0x0000000088100000|  0%| F|  |TAMS 0x0000000088000000, 0x0000000088000000| Untracked 
| 129|0x0000000088100000, 0x0000000088100000, 0x0000000088200000|  0%| F|  |TAMS 0x0000000088100000, 0x0000000088100000| Untracked 
| 130|0x0000000088200000, 0x0000000088200000, 0x0000000088300000|  0%| F|  |TAMS 0x0000000088200000, 0x0000000088200000| Untracked 
| 131|0x0000000088300000, 0x0000000088300000, 0x0000000088400000|  0%| F|  |TAMS 0x0000000088300000, 0x0000000088300000| Untracked 
| 132|0x0000000088400000, 0x0000000088400000, 0x0000000088500000|  0%| F|  |TAMS 0x0000000088400000, 0x0000000088400000| Untracked 
| 133|0x0000000088500000, 0x0000000088500000, 0x0000000088600000|  0%| F|  |TAMS 0x0000000088500000, 0x0000000088500000| Untracked 
| 134|0x0000000088600000, 0x0000000088600000, 0x0000000088700000|  0%| F|  |TAMS 0x0000000088600000, 0x0000000088600000| Untracked 
| 135|0x0000000088700000, 0x0000000088700000, 0x0000000088800000|  0%| F|  |TAMS 0x0000000088700000, 0x0000000088700000| Untracked 
| 136|0x0000000088800000, 0x0000000088800000, 0x0000000088900000|  0%| F|  |TAMS 0x0000000088800000, 0x0000000088800000| Untracked 
| 137|0x0000000088900000, 0x0000000088900000, 0x0000000088a00000|  0%| F|  |TAMS 0x0000000088900000, 0x0000000088900000| Untracked 
| 138|0x0000000088a00000, 0x0000000088a00000, 0x0000000088b00000|  0%| F|  |TAMS 0x0000000088a00000, 0x0000000088a00000| Untracked 
| 139|0x0000000088b00000, 0x0000000088b00000, 0x0000000088c00000|  0%| F|  |TAMS 0x0000000088b00000, 0x0000000088b00000| Untracked 
| 140|0x0000000088c00000, 0x0000000088c00000, 0x0000000088d00000|  0%| F|  |TAMS 0x0000000088c00000, 0x0000000088c00000| Untracked 
| 141|0x0000000088d00000, 0x0000000088d00000, 0x0000000088e00000|  0%| F|  |TAMS 0x0000000088d00000, 0x0000000088d00000| Untracked 
| 142|0x0000000088e00000, 0x0000000088e00000, 0x0000000088f00000|  0%| F|  |TAMS 0x0000000088e00000, 0x0000000088e00000| Untracked 
| 143|0x0000000088f00000, 0x0000000088f00000, 0x0000000089000000|  0%| F|  |TAMS 0x0000000088f00000, 0x0000000088f00000| Untracked 
| 144|0x0000000089000000, 0x0000000089000000, 0x0000000089100000|  0%| F|  |TAMS 0x0000000089000000, 0x0000000089000000| Untracked 
| 145|0x0000000089100000, 0x0000000089100000, 0x0000000089200000|  0%| F|  |TAMS 0x0000000089100000, 0x0000000089100000| Untracked 
| 146|0x0000000089200000, 0x0000000089200000, 0x0000000089300000|  0%| F|  |TAMS 0x0000000089200000, 0x0000000089200000| Untracked 
| 147|0x0000000089300000, 0x0000000089300000, 0x0000000089400000|  0%| F|  |TAMS 0x0000000089300000, 0x0000000089300000| Untracked 
| 148|0x0000000089400000, 0x0000000089400000, 0x0000000089500000|  0%| F|  |TAMS 0x0000000089400000, 0x0000000089400000| Untracked 
| 149|0x0000000089500000, 0x0000000089500000, 0x0000000089600000|  0%| F|  |TAMS 0x0000000089500000, 0x0000000089500000| Untracked 
| 150|0x0000000089600000, 0x0000000089600000, 0x0000000089700000|  0%| F|  |TAMS 0x0000000089600000, 0x0000000089600000| Untracked 
| 151|0x0000000089700000, 0x0000000089700000, 0x0000000089800000|  0%| F|  |TAMS 0x0000000089700000, 0x0000000089700000| Untracked 
| 152|0x0000000089800000, 0x0000000089800000, 0x0000000089900000|  0%| F|  |TAMS 0x0000000089800000, 0x0000000089800000| Untracked 
| 153|0x0000000089900000, 0x0000000089980800, 0x0000000089a00000| 50%| E|  |TAMS 0x0000000089900000, 0x0000000089900000| Complete 
| 154|0x0000000089a00000, 0x0000000089b00000, 0x0000000089b00000|100%| E|CS|TAMS 0x0000000089a00000, 0x0000000089a00000| Complete 
| 155|0x0000000089b00000, 0x0000000089c00000, 0x0000000089c00000|100%| E|CS|TAMS 0x0000000089b00000, 0x0000000089b00000| Complete 
| 156|0x0000000089c00000, 0x0000000089d00000, 0x0000000089d00000|100%| E|CS|TAMS 0x0000000089c00000, 0x0000000089c00000| Complete 
| 157|0x0000000089d00000, 0x0000000089e00000, 0x0000000089e00000|100%| E|CS|TAMS 0x0000000089d00000, 0x0000000089d00000| Complete 
| 158|0x0000000089e00000, 0x0000000089f00000, 0x0000000089f00000|100%| E|CS|TAMS 0x0000000089e00000, 0x0000000089e00000| Complete 
| 159|0x0000000089f00000, 0x000000008a000000, 0x000000008a000000|100%| E|CS|TAMS 0x0000000089f00000, 0x0000000089f00000| Complete 
| 160|0x000000008a000000, 0x000000008a100000, 0x000000008a100000|100%| E|CS|TAMS 0x000000008a000000, 0x000000008a000000| Complete 
| 161|0x000000008a100000, 0x000000008a200000, 0x000000008a200000|100%| E|CS|TAMS 0x000000008a100000, 0x000000008a100000| Complete 

Card table byte_map: [0x0000017ded420000,0x0000017ded820000] _byte_map_base: 0x0000017ded020000

Marking Bits (Prev, Next): (CMBitMap*) 0x0000017dd9f1e180, (CMBitMap*) 0x0000017dd9f1e148
 Prev Bits: [0x0000017defc20000, 0x0000017df1c20000)
 Next Bits: [0x0000017dedc20000, 0x0000017defc20000)

Polling page: 0x0000017dd8700000

Metaspace:

Usage:
  Non-class:     72.59 MB capacity,    71.12 MB ( 98%) used,     1.26 MB (  2%) free+waste,   208.19 KB ( <1%) overhead. 
      Class:     11.22 MB capacity,    10.51 MB ( 94%) used,   631.23 KB (  5%) free+waste,    96.38 KB ( <1%) overhead. 
       Both:     83.81 MB capacity,    81.64 MB ( 97%) used,     1.88 MB (  2%) free+waste,   304.56 KB ( <1%) overhead. 

Virtual space:
  Non-class space:       74.00 MB reserved,      72.63 MB ( 98%) committed 
      Class space:        1.00 GB reserved,      11.25 MB (  1%) committed 
             Both:        1.07 GB reserved,      83.88 MB (  8%) committed 

Chunk freelists:
   Non-Class:  36.00 KB
       Class:  27.00 KB
        Both:  63.00 KB

MaxMetaspaceSize: 17179869184.00 GB
CompressedClassSpaceSize: 1.00 GB

CodeHeap 'non-profiled nmethods': size=120064Kb used=5142Kb max_used=5142Kb free=114921Kb
 bounds [0x0000017de54a0000, 0x0000017de59b0000, 0x0000017dec9e0000]
CodeHeap 'profiled nmethods': size=120000Kb used=18947Kb max_used=18947Kb free=101052Kb
 bounds [0x0000017dddf70000, 0x0000017ddf200000, 0x0000017de54a0000]
CodeHeap 'non-nmethods': size=5696Kb used=2327Kb max_used=2357Kb free=3368Kb
 bounds [0x0000017ddd9e0000, 0x0000017dddc50000, 0x0000017dddf70000]
 total_blobs=9568 nmethods=8649 adapters=826
 compilation: enabled
              stopped_count=0, restarted_count=0
 full_count=0

Compilation events (20 events):
Event: 44.486 Thread 0x0000017df4270800 8791       3       java.lang.String::toUpperCase (8 bytes)
Event: 44.487 Thread 0x0000017df4270800 nmethod 8791 0x0000017ddf1e5890 code [0x0000017ddf1e5a80, 0x0000017ddf1e5df8]
Event: 44.552 Thread 0x0000017df4270800 8792       3       org.gradle.internal.instantiation.generator.AsmBackedClassGenerator$ClassBuilderImpl::addSetMethod (146 bytes)
Event: 44.555 Thread 0x0000017df4270800 nmethod 8792 0x0000017ddf1e5f10 code [0x0000017ddf1e6200, 0x0000017ddf1e71c8]
Event: 44.613 Thread 0x0000017dfaa45800 nmethod 8775 0x0000017de59a0d10 code [0x0000017de59a0fe0, 0x0000017de59a3298]
Event: 44.613 Thread 0x0000017dfaa45800 8782       4       java.util.Spliterators$IteratorSpliterator::tryAdvance (77 bytes)
Event: 44.631 Thread 0x0000017dfaa45800 nmethod 8782 0x0000017de59a4410 code [0x0000017de59a45e0, 0x0000017de59a4af8]
Event: 44.631 Thread 0x0000017dfaa45800 8794       4       groovy.lang.MetaClassImpl::checkIfStdMethod (178 bytes)
Event: 44.645 Thread 0x0000017df4270800 8795       2       java.util.AbstractCollection::toArray (144 bytes)
Event: 44.646 Thread 0x0000017df4270800 nmethod 8795 0x0000017ddf1e7710 code [0x0000017ddf1e7960, 0x0000017ddf1e8058]
Event: 44.661 Thread 0x0000017df4270800 8797       3       org.codehaus.groovy.util.ComplexKeyHashMap::resize (103 bytes)
Event: 44.662 Thread 0x0000017df4270800 nmethod 8797 0x0000017ddf1e8390 code [0x0000017ddf1e8580, 0x0000017ddf1e8b18]
Event: 44.694 Thread 0x0000017df4270800 8798       3       com.google.common.cache.LocalCache$LocalLoadingCache::get (9 bytes)
Event: 44.695 Thread 0x0000017df4270800 nmethod 8798 0x0000017ddf1e8d10 code [0x0000017ddf1e8f40, 0x0000017ddf1e9578]
Event: 44.698 Thread 0x0000017df4270800 8799 %     3       jdk.internal.loader.URLClassPath::findResource @ 3 (38 bytes)
Event: 44.699 Thread 0x0000017df4270800 nmethod 8799% 0x0000017ddf1e9890 code [0x0000017ddf1e9a80, 0x0000017ddf1e9e18]
Event: 44.699 Thread 0x0000017df4270800 8800       3       jdk.internal.loader.URLClassPath::findResource (38 bytes)
Event: 44.700 Thread 0x0000017df4270800 nmethod 8800 0x0000017ddf1e9f90 code [0x0000017ddf1ea160, 0x0000017ddf1ea478]
Event: 44.809 Thread 0x0000017df4270800 8801       1       com.android.build.gradle.internal.publishing.AndroidArtifacts$ArtifactType::getType (5 bytes)
Event: 44.810 Thread 0x0000017df4270800 nmethod 8801 0x0000017de59a4f90 code [0x0000017de59a5140, 0x0000017de59a51f8]

GC Heap History (20 events):
Event: 22.167 GC heap before
{Heap before GC invocations=13 (full 0):
 garbage-first heap   total 138240K, used 105154K [0x0000000080000000, 0x0000000100000000)
  region size 1024K, 59 young (60416K), 5 survivors (5120K)
 Metaspace       used 47381K, capacity 48646K, committed 48844K, reserved 1091584K
  class space    used 6135K, capacity 6618K, committed 6656K, reserved 1048576K
}
Event: 22.191 GC heap after
{Heap after GC invocations=14 (full 0):
 garbage-first heap   total 138240K, used 54189K [0x0000000080000000, 0x0000000100000000)
  region size 1024K, 5 young (5120K), 5 survivors (5120K)
 Metaspace       used 47381K, capacity 48646K, committed 48844K, reserved 1091584K
  class space    used 6135K, capacity 6618K, committed 6656K, reserved 1048576K
}
Event: 24.079 GC heap before
{Heap before GC invocations=14 (full 0):
 garbage-first heap   total 138240K, used 107437K [0x0000000080000000, 0x0000000100000000)
  region size 1024K, 57 young (58368K), 5 survivors (5120K)
 Metaspace       used 50222K, capacity 51669K, committed 51916K, reserved 1093632K
  class space    used 6360K, capacity 6893K, committed 6912K, reserved 1048576K
}
Event: 24.100 GC heap after
{Heap after GC invocations=15 (full 0):
 garbage-first heap   total 165888K, used 56934K [0x0000000080000000, 0x0000000100000000)
  region size 1024K, 6 young (6144K), 6 survivors (6144K)
 Metaspace       used 50222K, capacity 51669K, committed 51916K, reserved 1093632K
  class space    used 6360K, capacity 6893K, committed 6912K, reserved 1048576K
}
Event: 26.348 GC heap before
{Heap before GC invocations=15 (full 0):
 garbage-first heap   total 165888K, used 117350K [0x0000000080000000, 0x0000000100000000)
  region size 1024K, 65 young (66560K), 6 survivors (6144K)
 Metaspace       used 53132K, capacity 54687K, committed 54988K, reserved 1097728K
  class space    used 6840K, capacity 7368K, committed 7424K, reserved 1048576K
}
Event: 26.367 GC heap after
{Heap after GC invocations=16 (full 0):
 garbage-first heap   total 165888K, used 60104K [0x0000000080000000, 0x0000000100000000)
  region size 1024K, 6 young (6144K), 6 survivors (6144K)
 Metaspace       used 53132K, capacity 54687K, committed 54988K, reserved 1097728K
  class space    used 6840K, capacity 7368K, committed 7424K, reserved 1048576K
}
Event: 28.548 GC heap before
{Heap before GC invocations=16 (full 0):
 garbage-first heap   total 165888K, used 105160K [0x0000000080000000, 0x0000000100000000)
  region size 1024K, 51 young (52224K), 6 survivors (6144K)
 Metaspace       used 58498K, capacity 60142K, committed 60288K, reserved 1101824K
  class space    used 7522K, capacity 8115K, committed 8192K, reserved 1048576K
}
Event: 28.588 GC heap after
{Heap after GC invocations=17 (full 0):
 garbage-first heap   total 165888K, used 63477K [0x0000000080000000, 0x0000000100000000)
  region size 1024K, 7 young (7168K), 7 survivors (7168K)
 Metaspace       used 58498K, capacity 60142K, committed 60288K, reserved 1101824K
  class space    used 7522K, capacity 8115K, committed 8192K, reserved 1048576K
}
Event: 34.122 GC heap before
{Heap before GC invocations=18 (full 0):
 garbage-first heap   total 165888K, used 125941K [0x0000000080000000, 0x0000000100000000)
  region size 1024K, 65 young (66560K), 7 survivors (7168K)
 Metaspace       used 64093K, capacity 65892K, committed 66048K, reserved 1105920K
  class space    used 8165K, capacity 8782K, committed 8832K, reserved 1048576K
}
Event: 34.154 GC heap after
{Heap after GC invocations=19 (full 0):
 garbage-first heap   total 165888K, used 74752K [0x0000000080000000, 0x0000000100000000)
  region size 1024K, 9 young (9216K), 9 survivors (9216K)
 Metaspace       used 64093K, capacity 65892K, committed 66048K, reserved 1105920K
  class space    used 8165K, capacity 8782K, committed 8832K, reserved 1048576K
}
Event: 37.261 GC heap before
{Heap before GC invocations=20 (full 0):
 garbage-first heap   total 165888K, used 129024K [0x0000000080000000, 0x0000000100000000)
  region size 1024K, 62 young (63488K), 9 survivors (9216K)
 Metaspace       used 71432K, capacity 73352K, committed 73600K, reserved 1114112K
  class space    used 9028K, capacity 9707K, committed 9728K, reserved 1048576K
}
Event: 37.280 GC heap after
{Heap after GC invocations=21 (full 0):
 garbage-first heap   total 165888K, used 76985K [0x0000000080000000, 0x0000000100000000)
  region size 1024K, 2 young (2048K), 2 survivors (2048K)
 Metaspace       used 71432K, capacity 73352K, committed 73600K, reserved 1114112K
  class space    used 9028K, capacity 9707K, committed 9728K, reserved 1048576K
}
Event: 39.964 GC heap before
{Heap before GC invocations=21 (full 0):
 garbage-first heap   total 165888K, used 130233K [0x0000000080000000, 0x0000000100000000)
  region size 1024K, 55 young (56320K), 2 survivors (2048K)
 Metaspace       used 76474K, capacity 78432K, committed 78592K, reserved 1118208K
  class space    used 9692K, capacity 10367K, committed 10368K, reserved 1048576K
}
Event: 39.984 GC heap after
{Heap after GC invocations=22 (full 0):
 garbage-first heap   total 165888K, used 81075K [0x0000000080000000, 0x0000000100000000)
  region size 1024K, 6 young (6144K), 6 survivors (6144K)
 Metaspace       used 76474K, capacity 78432K, committed 78592K, reserved 1118208K
  class space    used 9692K, capacity 10367K, committed 10368K, reserved 1048576K
}
Event: 40.464 GC heap before
{Heap before GC invocations=23 (full 0):
 garbage-first heap   total 165888K, used 87219K [0x0000000080000000, 0x0000000100000000)
  region size 1024K, 13 young (13312K), 6 survivors (6144K)
 Metaspace       used 77044K, capacity 79009K, committed 79232K, reserved 1118208K
  class space    used 9776K, capacity 10451K, committed 10496K, reserved 1048576K
}
Event: 40.482 GC heap after
{Heap after GC invocations=24 (full 0):
 garbage-first heap   total 165888K, used 82178K [0x0000000080000000, 0x0000000100000000)
  region size 1024K, 2 young (2048K), 2 survivors (2048K)
 Metaspace       used 77044K, capacity 79009K, committed 79232K, reserved 1118208K
  class space    used 9776K, capacity 10451K, committed 10496K, reserved 1048576K
}
Event: 42.440 GC heap before
{Heap before GC invocations=25 (full 0):
 garbage-first heap   total 165888K, used 118018K [0x0000000080000000, 0x0000000100000000)
  region size 1024K, 36 young (36864K), 2 survivors (2048K)
 Metaspace       used 78331K, capacity 80446K, committed 80768K, reserved 1120256K
  class space    used 9935K, capacity 10667K, committed 10752K, reserved 1048576K
}
Event: 42.452 GC heap after
{Heap after GC invocations=26 (full 0):
 garbage-first heap   total 165888K, used 84324K [0x0000000080000000, 0x0000000100000000)
  region size 1024K, 4 young (4096K), 4 survivors (4096K)
 Metaspace       used 78331K, capacity 80446K, committed 80768K, reserved 1120256K
  class space    used 9935K, capacity 10667K, committed 10752K, reserved 1048576K
}
Event: 44.412 GC heap before
{Heap before GC invocations=26 (full 0):
 garbage-first heap   total 165888K, used 121188K [0x0000000080000000, 0x0000000100000000)
  region size 1024K, 40 young (40960K), 4 survivors (4096K)
 Metaspace       used 83041K, capacity 85141K, committed 85376K, reserved 1124352K
  class space    used 10683K, capacity 11396K, committed 11520K, reserved 1048576K
}
Event: 44.428 GC heap after
{Heap after GC invocations=27 (full 0):
 garbage-first heap   total 165888K, used 86659K [0x0000000080000000, 0x0000000100000000)
  region size 1024K, 3 young (3072K), 3 survivors (3072K)
 Metaspace       used 83041K, capacity 85141K, committed 85376K, reserved 1124352K
  class space    used 10683K, capacity 11396K, committed 11520K, reserved 1048576K
}

Deoptimization events (20 events):
Event: 41.662 Thread 0x0000017df6d50000 DEOPT PACKING pc=0x0000017de594738c sp=0x00000062d63fdea0
Event: 41.662 Thread 0x0000017df6d50000 DEOPT UNPACKING pc=0x0000017ddda0732f sp=0x00000062d63fddd8 mode 2
Event: 41.933 Thread 0x0000017df427b000 Uncommon trap: trap_request=0xffffff4d fr.pc=0x0000017de564ae74 relative=0x0000000000000334
Event: 41.933 Thread 0x0000017df427b000 Uncommon trap: reason=unstable_if action=reinterpret pc=0x0000017de564ae74 method=java.util.StringJoiner.add(Ljava/lang/CharSequence;)Ljava/util/StringJoiner; @ 33 c2
Event: 41.933 Thread 0x0000017df427b000 DEOPT PACKING pc=0x0000017de564ae74 sp=0x00000062d54f6580
Event: 41.933 Thread 0x0000017df427b000 DEOPT UNPACKING pc=0x0000017ddda0732f sp=0x00000062d54f6530 mode 2
Event: 42.036 Thread 0x0000017df427b000 Uncommon trap: trap_request=0xfffffff4 fr.pc=0x0000017de5878ea4 relative=0x0000000000000804
Event: 42.036 Thread 0x0000017df427b000 Uncommon trap: reason=null_check action=make_not_entrant pc=0x0000017de5878ea4 method=com.sun.beans.introspect.MethodInfo$MethodOrder.compare(Ljava/lang/reflect/Method;Ljava/lang/reflect/Method;)I @ 133 c2
Event: 42.036 Thread 0x0000017df427b000 DEOPT PACKING pc=0x0000017de5878ea4 sp=0x00000062d54f46b0
Event: 42.036 Thread 0x0000017df427b000 DEOPT UNPACKING pc=0x0000017ddda0732f sp=0x00000062d54f4650 mode 2
Event: 42.221 Thread 0x0000017df427b000 Uncommon trap: trap_request=0xffffff4d fr.pc=0x0000017de5760250 relative=0x0000000000000dd0
Event: 42.221 Thread 0x0000017df427b000 Uncommon trap: reason=unstable_if action=reinterpret pc=0x0000017de5760250 method=org.codehaus.groovy.runtime.metaclass.MetaMethodIndex.isOverridden(Lgroovy/lang/MetaMethod;Lgroovy/lang/MetaMethod;)Z @ 33 c2
Event: 42.221 Thread 0x0000017df427b000 DEOPT PACKING pc=0x0000017de5760250 sp=0x00000062d54f5480
Event: 42.221 Thread 0x0000017df427b000 DEOPT UNPACKING pc=0x0000017ddda0732f sp=0x00000062d54f53c8 mode 2
Event: 44.317 Thread 0x0000017df427b000 Uncommon trap: trap_request=0xffffff7e fr.pc=0x0000017de599f7a8 relative=0x0000000000000368
Event: 44.317 Thread 0x0000017df427b000 Uncommon trap: reason=predicate action=maybe_recompile pc=0x0000017de599f7a8 method=java.util.AbstractCollection.toArray([Ljava/lang/Object;)[Ljava/lang/Object; @ 43 c2
Event: 44.317 Thread 0x0000017df427b000 DEOPT PACKING pc=0x0000017de599f7a8 sp=0x00000062d54f73b0
Event: 44.317 Thread 0x0000017df427b000 DEOPT UNPACKING pc=0x0000017ddda0732f sp=0x00000062d54f7358 mode 2
Event: 44.701 Thread 0x0000017df427b000 DEOPT PACKING pc=0x0000017dde96712f sp=0x00000062d54f7ab0
Event: 44.701 Thread 0x0000017df427b000 DEOPT UNPACKING pc=0x0000017ddda0714e sp=0x00000062d54f6f38 mode 0

Classes redefined (0 events):
No events

Internal exceptions (20 events):
Event: 42.234 Thread 0x0000017df427b000 Exception <a 'java/lang/ClassNotFoundException'{0x0000000088222068}: com/android/builder/core/AbstractBuildTypeCustomizer> (0x0000000088222068) thrown at [./src/hotspot/share/classfile/systemDictionary.cpp, line 231]
Event: 42.238 Thread 0x0000017df427b000 Exception <a 'java/lang/ClassNotFoundException'{0x0000000088256e00}: com/android/build/gradle/internal/dsl/BuildTypeCustomizer> (0x0000000088256e00) thrown at [./src/hotspot/share/classfile/systemDictionary.cpp, line 231]
Event: 42.251 Thread 0x0000017df427b000 Exception <a 'java/lang/ClassNotFoundException'{0x00000000882e3510}: com/android/build/gradle/internal/dsl/BuildType_DecoratedCustomizer> (0x00000000882e3510) thrown at [./src/hotspot/share/classfile/systemDictionary.cpp, line 231]
Event: 42.273 Thread 0x0000017df427b000 Exception <a 'java/lang/ClassNotFoundException'{0x00000000881a5a28}: build_1icatd6f0825d65rr38puersz$_run_closure1$_closure4BeanInfo> (0x00000000881a5a28) thrown at [./src/hotspot/share/classfile/systemDictionary.cpp, line 231]
Event: 42.277 Thread 0x0000017df427b000 Exception <a 'java/lang/ClassNotFoundException'{0x00000000881b6250}: build_1icatd6f0825d65rr38puersz$_run_closure1$_closure4Customizer> (0x00000000881b6250) thrown at [./src/hotspot/share/classfile/systemDictionary.cpp, line 231]
Event: 42.286 Thread 0x0000017df427b000 Exception <a 'java/lang/ClassNotFoundException'{0x00000000881df090}: build_1icatd6f0825d65rr38puersz$_run_closure1BeanInfo> (0x00000000881df090) thrown at [./src/hotspot/share/classfile/systemDictionary.cpp, line 231]
Event: 42.287 Thread 0x0000017df427b000 Exception <a 'java/lang/ClassNotFoundException'{0x00000000881eef50}: build_1icatd6f0825d65rr38puersz$_run_closure1Customizer> (0x00000000881eef50) thrown at [./src/hotspot/share/classfile/systemDictionary.cpp, line 231]
Event: 42.303 Thread 0x0000017df427b000 Exception <a 'java/lang/ClassNotFoundException'{0x000000008804cce0}: org/gradle/api/JavaVersionBeanInfo> (0x000000008804cce0) thrown at [./src/hotspot/share/classfile/systemDictionary.cpp, line 231]
Event: 42.306 Thread 0x0000017df427b000 Exception <a 'java/lang/ClassNotFoundException'{0x0000000088077018}: org/gradle/api/JavaVersionCustomizer> (0x0000000088077018) thrown at [./src/hotspot/share/classfile/systemDictionary.cpp, line 231]
Event: 42.315 Thread 0x0000017df427b000 Exception <a 'java/lang/ClassNotFoundException'{0x00000000880cb960}: com/android/build/gradle/internal/CompileOptions_DecoratedBeanInfo> (0x00000000880cb960) thrown at [./src/hotspot/share/classfile/systemDictionary.cpp, line 231]
Event: 42.316 Thread 0x0000017df427b000 Exception <a 'java/lang/ClassNotFoundException'{0x00000000880e2f18}: com/android/build/gradle/internal/CompileOptionsBeanInfo> (0x00000000880e2f18) thrown at [./src/hotspot/share/classfile/systemDictionary.cpp, line 231]
Event: 42.317 Thread 0x0000017df427b000 Exception <a 'java/lang/ClassNotFoundException'{0x00000000880fac70}: com/android/build/gradle/internal/CompileOptionsCustomizer> (0x00000000880fac70) thrown at [./src/hotspot/share/classfile/systemDictionary.cpp, line 231]
Event: 42.320 Thread 0x0000017df427b000 Exception <a 'java/lang/ClassNotFoundException'{0x0000000087f1f8c0}: com/android/build/gradle/internal/CompileOptions_DecoratedCustomizer> (0x0000000087f1f8c0) thrown at [./src/hotspot/share/classfile/systemDictionary.cpp, line 231]
Event: 44.629 Thread 0x0000017df427b000 Exception <a 'java/lang/ClassNotFoundException'{0x0000000089e47f38}: com/android/build/gradle/internal/api/ApkVariantOutputImpl_DecoratedBeanInfo> (0x0000000089e47f38) thrown at [./src/hotspot/share/classfile/systemDictionary.cpp, line 231]
Event: 44.631 Thread 0x0000017df427b000 Exception <a 'java/lang/ClassNotFoundException'{0x0000000089e61a20}: com/android/build/gradle/internal/api/ApkVariantOutputImplBeanInfo> (0x0000000089e61a20) thrown at [./src/hotspot/share/classfile/systemDictionary.cpp, line 231]
Event: 44.635 Thread 0x0000017df427b000 Exception <a 'java/lang/ClassNotFoundException'{0x0000000089e7bcc0}: com/android/build/gradle/internal/api/BaseVariantOutputImplBeanInfo> (0x0000000089e7bcc0) thrown at [./src/hotspot/share/classfile/systemDictionary.cpp, line 231]
Event: 44.637 Thread 0x0000017df427b000 Exception <a 'java/lang/ClassNotFoundException'{0x0000000089e96228}: com/android/build/gradle/internal/api/BaseVariantOutputImplCustomizer> (0x0000000089e96228) thrown at [./src/hotspot/share/classfile/systemDictionary.cpp, line 231]
Event: 44.644 Thread 0x0000017df427b000 Exception <a 'java/lang/ClassNotFoundException'{0x0000000089ec2bc8}: com/android/build/gradle/internal/api/ApkVariantOutputImplCustomizer> (0x0000000089ec2bc8) thrown at [./src/hotspot/share/classfile/systemDictionary.cpp, line 231]
Event: 44.652 Thread 0x0000017df427b000 Exception <a 'java/lang/ClassNotFoundException'{0x0000000089eeb980}: com/android/build/gradle/internal/api/ApkVariantOutputImpl_DecoratedCustomizer> (0x0000000089eeb980) thrown at [./src/hotspot/share/classfile/systemDictionary.cpp, line 231]
Event: 44.717 Thread 0x0000017df427b000 Exception <a 'java/lang/NoClassDefFoundError'{0x0000000089c50380}: org/jetbrains/kotlin/gradle/plugin/KotlinBasePluginWrapper> (0x0000000089c50380) thrown at [./src/hotspot/share/classfile/systemDictionary.cpp, line 220]

Events (20 events):
Event: 44.778 loading class org/gradle/api/internal/artifacts/configurations/DefaultVariant
Event: 44.778 loading class org/gradle/api/internal/artifacts/configurations/DefaultVariant done
Event: 44.779 loading class org/gradle/api/internal/artifacts/ConfigurationVariantInternal
Event: 44.779 loading class org/gradle/api/internal/artifacts/ConfigurationVariantInternal done
Event: 44.789 loading class org/gradle/api/artifacts/ConfigurationVariant
Event: 44.789 loading class org/gradle/api/artifacts/ConfigurationVariant done
Event: 44.789 loading class com/android/build/gradle/internal/scope/ArtifactPublishingUtil$publishArtifactToConfiguration$1$1$1
Event: 44.789 loading class com/android/build/gradle/internal/scope/ArtifactPublishingUtil$publishArtifactToConfiguration$1$1$1 done
Event: 44.792 loading class org/gradle/api/internal/artifacts/publish/DecoratingPublishArtifact
Event: 44.792 loading class org/gradle/api/internal/artifacts/publish/DecoratingPublishArtifact done
Event: 44.794 loading class org/gradle/api/internal/artifacts/publish/AbstractPublishArtifact
Event: 44.794 loading class org/gradle/api/internal/artifacts/publish/AbstractPublishArtifact done
Event: 44.795 loading class org/gradle/api/internal/artifacts/PublishArtifactInternal
Event: 44.795 loading class org/gradle/api/internal/artifacts/PublishArtifactInternal done
Event: 44.796 loading class org/gradle/api/internal/artifacts/dsl/LazyPublishArtifact
Event: 44.796 loading class org/gradle/api/internal/artifacts/dsl/LazyPublishArtifact done
Event: 44.806 loading class org/gradle/api/internal/artifacts/dsl/LazyPublishArtifact$1
Event: 44.806 loading class org/gradle/api/internal/artifacts/dsl/LazyPublishArtifact$1 done
Event: 44.808 loading class org/gradle/api/artifacts/ConfigurablePublishArtifact
Event: 44.808 loading class org/gradle/api/artifacts/ConfigurablePublishArtifact done


Dynamic libraries:
0x00007ff672430000 - 0x00007ff67243a000 	C:\Program Files\Android\Android Studio\jre\bin\java.exe
0x00007fffaf250000 - 0x00007fffaf445000 	C:\Windows\SYSTEM32\ntdll.dll
0x00007fffad2a0000 - 0x00007fffad35e000 	C:\Windows\System32\KERNEL32.DLL
0x00007fffacd10000 - 0x00007fffacfd9000 	C:\Windows\System32\KERNELBASE.dll
0x00007fffad060000 - 0x00007fffad160000 	C:\Windows\System32\ucrtbase.dll
0x00007fff8f790000 - 0x00007fff8f7a7000 	C:\Program Files\Android\Android Studio\jre\bin\VCRUNTIME140.dll
0x00007fff8f550000 - 0x00007fff8f569000 	C:\Program Files\Android\Android Studio\jre\bin\jli.dll
0x00007fffae7b0000 - 0x00007fffae951000 	C:\Windows\System32\USER32.dll
0x00007fff93810000 - 0x00007fff93aaa000 	C:\Windows\WinSxS\amd64_microsoft.windows.common-controls_6595b64144ccf1df_6.0.19041.1110_none_60b5254171f9507e\COMCTL32.dll
0x00007fffaca10000 - 0x00007fffaca32000 	C:\Windows\System32\win32u.dll
0x00007fffae4d0000 - 0x00007fffae56e000 	C:\Windows\System32\msvcrt.dll
0x00007fffae390000 - 0x00007fffae3bb000 	C:\Windows\System32\GDI32.dll
0x00007fffacc00000 - 0x00007fffacd0b000 	C:\Windows\System32\gdi32full.dll
0x00007fffac970000 - 0x00007fffaca0d000 	C:\Windows\System32\msvcp_win.dll
0x00007fffadb00000 - 0x00007fffadb30000 	C:\Windows\System32\IMM32.DLL
0x00007fff62bf0000 - 0x00007fff62c8d000 	C:\Program Files\Android\Android Studio\jre\bin\msvcp140.dll
0x00007fff50070000 - 0x00007fff50b3f000 	C:\Program Files\Android\Android Studio\jre\bin\server\jvm.dll
0x00007fffadb30000 - 0x00007fffadbdc000 	C:\Windows\System32\ADVAPI32.dll
0x00007fffae960000 - 0x00007fffae9fb000 	C:\Windows\System32\sechost.dll
0x00007fffaedc0000 - 0x00007fffaeeea000 	C:\Windows\System32\RPCRT4.dll
0x00007fffae190000 - 0x00007fffae198000 	C:\Windows\System32\PSAPI.DLL
0x00007fffa43d0000 - 0x00007fffa43d9000 	C:\Windows\SYSTEM32\WSOCK32.dll
0x00007fffa9620000 - 0x00007fffa962a000 	C:\Windows\SYSTEM32\VERSION.dll
0x00007fffa2e80000 - 0x00007fffa2ea7000 	C:\Windows\SYSTEM32\WINMM.dll
0x00007fffae3d0000 - 0x00007fffae43b000 	C:\Windows\System32\WS2_32.dll
0x00007fffa9a90000 - 0x00007fffa9aa2000 	C:\Windows\SYSTEM32\kernel.appcore.dll
0x00007fff96bc0000 - 0x00007fff96bd1000 	C:\Program Files\Android\Android Studio\jre\bin\verify.dll
0x00007fffac2f0000 - 0x00007fffac4d4000 	C:\Windows\SYSTEM32\DBGHELP.DLL
0x00007fffac2c0000 - 0x00007fffac2ec000 	C:\Windows\SYSTEM32\dbgcore.DLL
0x00007fffad210000 - 0x00007fffad293000 	C:\Windows\System32\bcryptPrimitives.dll
0x00007fff8ef60000 - 0x00007fff8ef89000 	C:\Program Files\Android\Android Studio\jre\bin\java.dll
0x00007fffa43c0000 - 0x00007fffa43cb000 	C:\Program Files\Android\Android Studio\jre\bin\jimage.dll
0x00007fff8e8d0000 - 0x00007fff8e8e8000 	C:\Program Files\Android\Android Studio\jre\bin\zip.dll
0x00007fffad3c0000 - 0x00007fffadaff000 	C:\Windows\System32\SHELL32.dll
0x00007fffa9c90000 - 0x00007fffaa420000 	C:\Windows\SYSTEM32\windows.storage.dll
0x00007fffaea00000 - 0x00007fffaed55000 	C:\Windows\System32\combase.dll
0x00007fffabd40000 - 0x00007fffabd6c000 	C:\Windows\SYSTEM32\Wldp.dll
0x00007fffae570000 - 0x00007fffae61d000 	C:\Windows\System32\SHCORE.dll
0x00007fffad360000 - 0x00007fffad3b5000 	C:\Windows\System32\shlwapi.dll
0x00007fffac8b0000 - 0x00007fffac8cf000 	C:\Windows\SYSTEM32\profapi.dll
0x00007fff8e800000 - 0x00007fff8e81a000 	C:\Program Files\Android\Android Studio\jre\bin\net.dll
0x00007fff9d160000 - 0x00007fff9d268000 	C:\Windows\SYSTEM32\WINHTTP.dll
0x00007fffab9c0000 - 0x00007fffaba2a000 	C:\Windows\system32\mswsock.dll
0x00007fff88b90000 - 0x00007fff88ba4000 	C:\Program Files\Android\Android Studio\jre\bin\nio.dll
0x00007fff96be0000 - 0x00007fff96c07000 	C:\Users\62859\.gradle\native\8bec1ad78214c89d9ad589b4d07fe93259594b29d510b10fafb7a158f7737e5d\windows-amd64\native-platform.dll
0x00007fff54f60000 - 0x00007fff5509d000 	C:\Users\62859\.gradle\native\53dbd7edfb1c66fb8903c78663c9afc45aea4f116125fa6feffd364cf09443e8\windows-amd64\native-platform-file-events.dll
0x00007fff9e390000 - 0x00007fff9e39a000 	C:\Program Files\Android\Android Studio\jre\bin\management.dll
0x00007fff9a010000 - 0x00007fff9a01c000 	C:\Program Files\Android\Android Studio\jre\bin\management_ext.dll
0x00007fffac680000 - 0x00007fffac698000 	C:\Windows\SYSTEM32\CRYPTSP.dll
0x00007fffab370000 - 0x00007fffab3a4000 	C:\Windows\system32\rsaenh.dll
0x00007fffad030000 - 0x00007fffad057000 	C:\Windows\System32\bcrypt.dll
0x00007fffac830000 - 0x00007fffac85e000 	C:\Windows\SYSTEM32\USERENV.dll
0x00007fffabc60000 - 0x00007fffabc6c000 	C:\Windows\SYSTEM32\CRYPTBASE.dll
0x00007fffab6c0000 - 0x00007fffab6fb000 	C:\Windows\SYSTEM32\IPHLPAPI.DLL
0x00007fffaf050000 - 0x00007fffaf058000 	C:\Windows\System32\NSI.dll
0x00007fffa2600000 - 0x00007fffa2617000 	C:\Windows\SYSTEM32\dhcpcsvc6.DLL
0x00007fffa26f0000 - 0x00007fffa270d000 	C:\Windows\SYSTEM32\dhcpcsvc.DLL
0x00007fffab700000 - 0x00007fffab7cc000 	C:\Windows\SYSTEM32\DNSAPI.dll
0x00007fff7eb00000 - 0x00007fff7eb27000 	C:\Program Files\Android\Android Studio\jre\bin\sunec.dll
0x00007fff9ca40000 - 0x00007fff9ca4a000 	C:\Windows\System32\rasadhlp.dll
0x00007fff9d080000 - 0x00007fff9d0ff000 	C:\Windows\System32\fwpuclnt.dll

dbghelp: loaded successfully - version: 4.0.5 - missing functions: none
symbol engine: initialized successfully - sym options: 0x614 - pdb path: .;C:\Program Files\Android\Android Studio\jre\bin;C:\Windows\SYSTEM32;C:\Windows\WinSxS\amd64_microsoft.windows.common-controls_6595b64144ccf1df_6.0.19041.1110_none_60b5254171f9507e;C:\Program Files\Android\Android Studio\jre\bin\server;C:\Users\62859\.gradle\native\8bec1ad78214c89d9ad589b4d07fe93259594b29d510b10fafb7a158f7737e5d\windows-amd64;C:\Users\62859\.gradle\native\53dbd7edfb1c66fb8903c78663c9afc45aea4f116125fa6feffd364cf09443e8\windows-amd64

VM Arguments:
jvm_args: --add-opens=java.base/java.util=ALL-UNNAMED --add-opens=java.base/java.lang=ALL-UNNAMED --add-opens=java.base/java.lang.invoke=ALL-UNNAMED --add-opens=java.base/java.util=ALL-UNNAMED --add-opens=java.prefs/java.util.prefs=ALL-UNNAMED --add-opens=java.prefs/java.util.prefs=ALL-UNNAMED --add-opens=java.base/java.nio.charset=ALL-UNNAMED --add-opens=java.base/java.net=ALL-UNNAMED --add-opens=java.base/java.util.concurrent.atomic=ALL-UNNAMED -Xmx2048m -Dfile.encoding=UTF-8 -Duser.country=ID -Duser.language=en -Duser.variant 
java_command: org.gradle.launcher.daemon.bootstrap.GradleDaemon 7.0.2
java_class_path (initial): C:\Users\62859\.gradle\wrapper\dists\gradle-7.0.2-bin\857tjihv64xamwrf0h14cai3r\gradle-7.0.2\lib\gradle-launcher-7.0.2.jar
Launcher Type: SUN_STANDARD

[Global flags]
     intx CICompilerCount                          = 3                                         {product} {ergonomic}
     uint ConcGCThreads                            = 1                                         {product} {ergonomic}
     uint G1ConcRefinementThreads                  = 4                                         {product} {ergonomic}
   size_t G1HeapRegionSize                         = 1048576                                   {product} {ergonomic}
    uintx GCDrainStackTargetSize                   = 64                                        {product} {ergonomic}
   size_t InitialHeapSize                          = 117440512                                 {product} {ergonomic}
   size_t MarkStackSize                            = 4194304                                   {product} {ergonomic}
   size_t MaxHeapSize                              = 2147483648                                {product} {command line}
   size_t MaxNewSize                               = 1287651328                                {product} {ergonomic}
   size_t MinHeapDeltaBytes                        = 1048576                                   {product} {ergonomic}
    uintx NonNMethodCodeHeapSize                   = 5830732                                {pd product} {ergonomic}
    uintx NonProfiledCodeHeapSize                  = 122913754                              {pd product} {ergonomic}
    uintx ProfiledCodeHeapSize                     = 122913754                              {pd product} {ergonomic}
    uintx ReservedCodeCacheSize                    = 251658240                              {pd product} {ergonomic}
     bool SegmentedCodeCache                       = true                                      {product} {ergonomic}
     bool UseCompressedClassPointers               = true                                 {lp64_product} {ergonomic}
     bool UseCompressedOops                        = true                                 {lp64_product} {ergonomic}
     bool UseG1GC                                  = true                                      {product} {ergonomic}
     bool UseLargePagesIndividualAllocation        = false                                  {pd product} {ergonomic}

Logging:
Log output configuration:
 #0: stdout all=warning uptime,level,tags
 #1: stderr all=off uptime,level,tags

Environment Variables:
PATH=C:\Program Files (x86)\NVIDIA Corporation\PhysX\Common;C:\Python310\Scripts\;C:\Python310\;C:\Windows\system32;C:\Windows;C:\Windows\System32\Wbem;C:\Windows\System32\WindowsPowerShell\v1.0\;C:\Windows\System32\OpenSSH\;C:\Program Files\Git\cmd;F:\XAMPP\php;C:\ProgramData\ComposerSetup\bin;C:\Program Files\nodejs\;C:\ProgramData\chocolatey\bin;C:\Users\62859\AppData\Local\Microsoft\WindowsApps;;C:\Users\62859\AppData\Local\Programs\Microsoft VS Code\bin;C:\Users\62859\AppData\Roaming\Composer\vendor\bin;C:\Users\62859\AppData\Roaming\npm
USERNAME=62859
OS=Windows_NT
PROCESSOR_IDENTIFIER=AMD64 Family 22 Model 48 Stepping 1, AuthenticAMD



---------------  S Y S T E M  ---------------

OS: Windows 10 , 64 bit Build 19041 (10.0.19041.1202)
OS uptime: 0 days 22:41 hours

CPU:total 4 (initial active 4) (4 cores per cpu, 1 threads per core) family 22 model 48 stepping 1 microcode 0x0, cmov, cx8, fxsr, mmx, sse, sse2, sse3, ssse3, sse4.1, sse4.2, popcnt, avx, aes, clmul, mmxext, 3dnowpref, lzcnt, sse4a, tsc, tscinvbit, tscinv, bmi1

Memory: 4k page, system-wide physical 7134M (1262M free)
TotalPageFile size 8606M (AvailPageFile size 1097M)
current process WorkingSet (physical memory assigned to process): 393M, peak: 395M
current process commit charge ("private bytes"): 419M, peak: 421M

vm_info: OpenJDK 64-Bit Server VM (11.0.10+0-b96-7249189) for windows-amd64 JRE (11.0.10+0-b96-7249189), built on Mar 31 2021 21:44:00 by "builder" with MS VC++ 14.0 (VS2015)

END.
